Sun Jul 01 2018 14:51:25 GMT-0500 (CDT) Accion GET ruta /css/style.css 

Sun Jul 01 2018 14:51:51 GMT-0500 (CDT) Accion GET ruta /home 

Sun Jul 01 2018 14:51:51 GMT-0500 (CDT) Accion GET ruta /css/style.css 

Sun Jul 01 2018 14:51:54 GMT-0500 (CDT) Accion GET ruta /about 

Sun Jul 01 2018 14:51:54 GMT-0500 (CDT) Accion GET ruta /css/style.css 

Sun Jul 01 2018 14:51:55 GMT-0500 (CDT) Accion GET ruta /home 

Sun Jul 01 2018 14:51:55 GMT-0500 (CDT) Accion GET ruta /css/style.css 

Sun Jul 01 2018 14:51:58 GMT-0500 (CDT) Accion GET ruta /about 

Sun Jul 01 2018 14:51:58 GMT-0500 (CDT) Accion GET ruta /css/style.css 

Sun Jul 01 2018 14:52:05 GMT-0500 (CDT) Accion GET ruta /about 

Sun Jul 01 2018 14:52:05 GMT-0500 (CDT) Accion GET ruta /css/style.css 

Sun Jul 01 2018 14:52:07 GMT-0500 (CDT) Accion GET ruta /home 

Sun Jul 01 2018 14:52:07 GMT-0500 (CDT) Accion GET ruta /css/style.css 

Sun Jul 01 2018 14:52:21 GMT-0500 (CDT) Accion GET ruta /home 

Sun Jul 01 2018 14:52:21 GMT-0500 (CDT) Accion GET ruta /css/style.css 

Sun Jul 01 2018 14:52:22 GMT-0500 (CDT) Accion GET ruta /about 

Sun Jul 01 2018 14:52:22 GMT-0500 (CDT) Accion GET ruta /css/style.css 

Sun Jul 01 2018 14:52:25 GMT-0500 (CDT) Accion GET ruta /about 

Sun Jul 01 2018 14:52:25 GMT-0500 (CDT) Accion GET ruta /css/style.css 

Sun Jul 01 2018 14:52:26 GMT-0500 (CDT) Accion GET ruta /home 

Sun Jul 01 2018 14:52:26 GMT-0500 (CDT) Accion GET ruta /css/style.css 

Sun Jul 01 2018 14:52:36 GMT-0500 (CDT) Accion GET ruta /home
Sun Jul 01 2018 14:52:36 GMT-0500 (CDT) Accion GET ruta /css/style.css
Sun Jul 01 2018 14:52:39 GMT-0500 (CDT) Accion GET ruta /about
Sun Jul 01 2018 14:52:39 GMT-0500 (CDT) Accion GET ruta /css/style.css
Sun Jul 01 2018 14:52:42 GMT-0500 (CDT) Accion GET ruta /css/style.css
Sun Jul 01 2018 14:52:55 GMT-0500 (CDT) Accion GET ruta /about
Sun Jul 01 2018 14:52:55 GMT-0500 (CDT) Accion GET ruta /css/style.css
